\BOOKMARK [0][-]{chapter.1}{\376\377\000I\000n\000t\000r\000o\000d\000u\000c\000t\000i\000o\000n}{}% 1
\BOOKMARK [1][-]{section.1.1}{\376\377\000T\000o\000t\000a\000l\000\040\000C\000o\000m\000p\000l\000e\000x\000e\000s}{chapter.1}% 2
\BOOKMARK [0][-]{chapter.2}{\376\377\000P\000r\000e\000s\000h\000e\000a\000v\000e\000s\000\040\000a\000n\000d\000\040\000s\000h\000e\000a\000v\000e\000s}{}% 3
\BOOKMARK [1][-]{section.2.1}{\376\377\000S\000h\000e\000a\000v\000e\000s}{chapter.2}% 4
\BOOKMARK [1][-]{section.2.2}{\376\377\000K\000-\000s\000h\000e\000a\000v\000e\000s}{chapter.2}% 5
\BOOKMARK [1][-]{section.2.3}{\376\377\000T\000e\000c\000h\000n\000i\000c\000a\000l\000\040\000l\000e\000m\000m\000a\000s}{chapter.2}% 6
\BOOKMARK [1][-]{section.2.4}{\376\377\000E\000q\000u\000i\000v\000a\000l\000e\000n\000c\000e\000\040\000o\000f\000\040\000c\000a\000t\000e\000g\000o\000r\000y}{chapter.2}% 7
\BOOKMARK [0][-]{chapter.3}{\376\377\000H\000o\000m\000o\000t\000o\000p\000y\000\040\000s\000h\000e\000a\000v\000e\000s}{}% 8
\BOOKMARK [0][-]{chapter.4}{\376\377\000P\000u\000s\000h\000f\000o\000r\000w\000a\000r\000d\000,\000\040\000e\000x\000c\000e\000p\000t\000i\000o\000n\000a\000l\000\040\000p\000u\000s\000h\000f\000o\000r\000w\000a\000r\000d\000,\000\040\000a\000n\000d\000\040\000p\000u\000l\000l\000b\000a\000c\000k}{}% 9
\BOOKMARK [1][-]{section.4.1}{\376\377\000F\000o\000r\000\040\000S\000h\000e\000a\000v\000e\000s}{chapter.4}% 10
\BOOKMARK [1][-]{section.4.2}{\376\377\000F\000o\000r\000\040\000K\000-\000s\000h\000e\000a\000v\000e\000s}{chapter.4}% 11
\BOOKMARK [0][-]{chapter.5}{\376\377\001\014\000e\000c\000h\000\040\000c\000o\000h\000o\000m\000o\000l\000o\000g\000y}{}% 12
\BOOKMARK [1][-]{section.5.1}{\376\377\001\014\000e\000c\000h\000\040\000c\000o\000h\000o\000m\000o\000l\000o\000g\000y\000\040\000o\000f\000\040\000s\000h\000e\000a\000v\000e\000s}{chapter.5}% 13
\BOOKMARK [1][-]{section.5.2}{\376\377\001\014\000e\000c\000h\000\040\000c\000o\000h\000o\000m\000o\000l\000o\000g\000y\000\040\000o\000f\000\040\000c\000o\000m\000p\000l\000e\000x\000\040\000o\000f\000\040\000K\000-\000s\000h\000e\000a\000v\000e\000s}{chapter.5}% 14
\BOOKMARK [1][-]{section.5.3}{\376\377\001\014\000e\000c\000h\000\040\000c\000o\000h\000o\000m\000o\000l\000o\000g\000y\000\040\000i\000s\000\040\000d\000e\000t\000e\000r\000m\000i\000n\000e\000d\000\040\000b\000y\000\040\000s\000t\000a\000l\000k\000s}{chapter.5}% 15
\BOOKMARK [0][-]{chapter.6}{\376\377\000P\000u\000r\000e\000h\000o\000m\000o\000t\000o\000p\000y\000\040\000K\000-\000s\000h\000e\000a\000v\000e\000s}{}% 16
\BOOKMARK [0][-]{chapter.7}{\376\377\000P\000o\000i\000n\000c\000a\000r\000\351\040\023\000L\000e\000f\000s\000c\000h\000e\000t\000z\000\040\000d\000u\000a\000l\000i\000t\000y}{}% 17
\BOOKMARK [0][-]{chapter.8}{\376\377\000H\000o\000m\000o\000t\000o\000p\000y\000\040\000c\000o\000l\000i\000m\000i\000t\000s}{}% 18
\BOOKMARK [1][-]{section.8.1}{\376\377\000H\000o\000m\000o\000t\000o\000p\000y\000\040\000c\000o\000l\000i\000m\000i\000t\000s}{chapter.8}% 19
\BOOKMARK [1][-]{section.8.2}{\376\377\000H\000o\000m\000o\000t\000o\000p\000y\000\040\000c\000o\000l\000i\000m\000i\000t\000s\000\040\000o\000f\000\040\000p\000u\000r\000e\000\040\000h\000o\000m\000o\000t\000o\000p\000y\000\040\000K\000-\000s\000h\000e\000a\000v\000e\000s}{chapter.8}% 20
\BOOKMARK [0][-]{chapter.9}{\376\377\000S\000t\000e\000e\000n\000r\000o\000d\000\040\000h\000o\000m\000o\000l\000o\000g\000y}{}% 21
